verify depth is 2
depth=1 C = GB, ST = England, O = Alice Ltd, OU = Alice Ltd Certificate Authority, CN = Alice Ltd Intermediate CA
verify error:num=2:unable to get issuer certificate
issuer= C = GB, ST = England, L = ., O = Alice Ltd, OU = Alice Ltd Certificate Authority, CN = Alice Ltd Root CA
140258103022016:error:1416F086:SSL routines:tls_process_server_certificate:certificate verify failed:../ssl/statem/statem_clnt.c:1924:
CONNECTED(00000008)
---
no peer certificate available
---
Acceptable client certificate CA names
C = GB, ST = England, O = Alice Ltd, OU = Alice Ltd Certificate Authority, CN = Alice Ltd Intermediate CA
C = GB, ST = England, L = ., O = Alice Ltd, OU = Alice Ltd Certificate Authority, CN = Alice Ltd Root CA
Requested Signature Algorithms: ECDSA+SHA256:ECDSA+SHA384:ECDSA+SHA512:Ed25519:Ed448:RSA-PSS+SHA256:RSA-PSS+SHA384:RSA-PSS+SHA512:RSA-PSS+SHA256:RSA-PSS+SHA384:RSA-PSS+SHA512:RSA+SHA256:RSA+SHA384:RSA+SHA512:ECDSA+SHA224:ECDSA+SHA1:RSA+SHA224:RSA+SHA1
Shared Requested Signature Algorithms: ECDSA+SHA256:ECDSA+SHA384:ECDSA+SHA512:Ed25519:Ed448:RSA-PSS+SHA256:RSA-PSS+SHA384:RSA-PSS+SHA512:RSA-PSS+SHA256:RSA-PSS+SHA384:RSA-PSS+SHA512:RSA+SHA256:RSA+SHA384:RSA+SHA512
Server Temp Key: X25519, 253 bits
---
SSL handshake has read 5091 bytes and written 318 bytes
Verification error: unable to get issuer certificate
---
New, TLSv1.3, Cipher is TLS_AES_256_GCM_SHA384
Secure Renegotiation IS NOT supported
Compression: NONE
Expansion: NONE
No ALPN negotiated
Early data was not sent
Verify return code: 2 (unable to get issuer certificate)
---
